[sync-ps] game=dota2 path=dota2 db=dota2
[sync-ps] range=2023-01-01..2026-04-17 max=12000 per_page=50 delay=600ms
[sync-ps] match_results dota2 ANTES: 0
[sync-ps] page 1: +50 raw → 50 inseridos (0 skipped)
[sync-ps] page 2: +50 raw → 100 inseridos (0 skipped)
[sync-ps] page 3: +50 raw → 150 inseridos (0 skipped)
[sync-ps] page 4: +50 raw → 200 inseridos (0 skipped)
[sync-ps] page 5: +50 raw → 250 inseridos (0 skipped)
[sync-ps] page 6: +50 raw → 300 inseridos (0 skipped)
[sync-ps] page 7: +50 raw → 334 inseridos (16 skipped)
[sync-ps] page 8: +50 raw → 380 inseridos (20 skipped)
[sync-ps] page 9: +50 raw → 430 inseridos (20 skipped)
[sync-ps] page 10: +50 raw → 480 inseridos (20 skipped)
[sync-ps] page 11: +50 raw → 530 inseridos (20 skipped)
[sync-ps] page 12: +50 raw → 580 inseridos (20 skipped)
[sync-ps] page 13: +50 raw → 619 inseridos (31 skipped)
[sync-ps] page 14: +50 raw → 662 inseridos (38 skipped)
[sync-ps] page 15: +50 raw → 712 inseridos (38 skipped)
[sync-ps] page 16: +50 raw → 762 inseridos (38 skipped)
[sync-ps] page 17: +50 raw → 812 inseridos (38 skipped)
[sync-ps] page 18: +50 raw → 862 inseridos (38 skipped)
[sync-ps] page 19: +50 raw → 912 inseridos (38 skipped)
[sync-ps] page 20: +50 raw → 962 inseridos (38 skipped)
[sync-ps] page 21: +50 raw → 1012 inseridos (38 skipped)
[sync-ps] page 22: +50 raw → 1062 inseridos (38 skipped)
[sync-ps] page 23: +50 raw → 1112 inseridos (38 skipped)
[sync-ps] page 24: +50 raw → 1162 inseridos (38 skipped)
[sync-ps] page 25: +50 raw → 1212 inseridos (38 skipped)
[sync-ps] page 26: +50 raw → 1262 inseridos (38 skipped)
[sync-ps] page 27: +50 raw → 1312 inseridos (38 skipped)
[sync-ps] page 28: +50 raw → 1362 inseridos (38 skipped)
[sync-ps] page 29: +50 raw → 1412 inseridos (38 skipped)
[sync-ps] page 30: +50 raw → 1462 inseridos (38 skipped)
[sync-ps] page 31: +50 raw → 1512 inseridos (38 skipped)
[sync-ps] page 32: +50 raw → 1562 inseridos (38 skipped)
[sync-ps] page 33: +50 raw → 1612 inseridos (38 skipped)
[sync-ps] page 34: +50 raw → 1662 inseridos (38 skipped)
[sync-ps] page 35: +50 raw → 1712 inseridos (38 skipped)
[sync-ps] page 36: +50 raw → 1762 inseridos (38 skipped)
[sync-ps] page 37: +50 raw → 1812 inseridos (38 skipped)
[sync-ps] page 38: +50 raw → 1862 inseridos (38 skipped)
[sync-ps] page 39: +50 raw → 1912 inseridos (38 skipped)
[sync-ps] page 40: +50 raw → 1962 inseridos (38 skipped)
[sync-ps] page 41: +50 raw → 2012 inseridos (38 skipped)
[sync-ps] page 42: +50 raw → 2062 inseridos (38 skipped)
[sync-ps] page 43: +50 raw → 2112 inseridos (38 skipped)
[sync-ps] page 44: +50 raw → 2162 inseridos (38 skipped)
[sync-ps] page 45: +50 raw → 2212 inseridos (38 skipped)
[sync-ps] page 46: +50 raw → 2262 inseridos (38 skipped)
[sync-ps] page 47: +50 raw → 2309 inseridos (41 skipped)
[sync-ps] page 48: +50 raw → 2355 inseridos (45 skipped)
[sync-ps] page 49: +50 raw → 2405 inseridos (45 skipped)
[sync-ps] page 50: +50 raw → 2455 inseridos (45 skipped)
[sync-ps] page 51: +