[sync-ps] game=cs-go path=csgo db=cs2
[sync-ps] range=2023-01-01..2026-04-17 max=12000 per_page=50 delay=600ms
[sync-ps] match_results cs2 ANTES: 0
[sync-ps] page 1: +50 raw → 50 inseridos (0 skipped)
[sync-ps] page 2: +50 raw → 100 inseridos (0 skipped)
[sync-ps] page 3: +50 raw → 150 inseridos (0 skipped)
[sync-ps] page 4: +50 raw → 200 inseridos (0 skipped)
[sync-ps] page 5: +50 raw → 250 inseridos (0 skipped)
[sync-ps] page 6: +50 raw → 300 inseridos (0 skipped)
[sync-ps] page 7: +50 raw → 350 inseridos (0 skipped)
[sync-ps] page 8: +50 raw → 400 inseridos (0 skipped)
[sync-ps] page 9: +50 raw → 450 inseridos (0 skipped)
[sync-ps] page 10: +50 raw → 500 inseridos (0 skipped)
[sync-ps] page 11: +50 raw → 550 inseridos (0 skipped)
[sync-ps] page 12: +50 raw → 600 inseridos (0 skipped)
[sync-ps] page 13: +50 raw → 650 inseridos (0 skipped)
[sync-ps] page 14: +50 raw → 700 inseridos (0 skipped)
[sync-ps] page 15: +50 raw → 750 inseridos (0 skipped)
[sync-ps] page 16: +50 raw → 800 inseridos (0 skipped)
[sync-ps] page 17: +50 raw → 850 inseridos (0 skipped)
[sync-ps] page 18: +50 raw → 900 inseridos (0 skipped)
[sync-ps] page 19: +50 raw → 950 inseridos (0 skipped)
[sync-ps] page 20: +50 raw → 1000 inseridos (0 skipped)
[sync-ps] page 21: +50 raw → 1050 inseridos (0 skipped)
[sync-ps] page 22: +50 raw → 1100 inseridos (0 skipped)
[sync-ps] page 23: +50 raw → 1150 inseridos (0 skipped)
[sync-ps] page 24: +50 raw → 1200 inseridos (0 skipped)
[sync-ps] page 25: +50 raw → 1250 inseridos (0 skipped)
[sync-ps] page 26: +50 raw → 1300 inseridos (0 skipped)
[sync-ps] page 27: +50 raw → 1350 inseridos (0 skipped)
[sync-ps] page 28: +50 raw → 1400 inseridos (0 skipped)
[sync-ps] page 29: +50 raw → 1450 inseridos (0 skipped)
[sync-ps] page 30: +50 raw → 1500 inseridos (0 skipped)
[sync-ps] page 31: +50 raw → 1550 inseridos (0 skipped)
[sync-ps] page 32: +50 raw → 1600 inseridos (0 skipped)
[sync-ps] page 33: +50 raw → 1650 inseridos (0 skipped)
[sync-ps] page 34: +50 raw → 1700 inseridos (0 skipped)
[sync-ps] page 35: +50 raw → 1750 inseridos (0 skipped)
[sync-ps] page 36: +50 raw → 1800 inseridos (0 skipped)
[sync-ps] page 37: +50 raw → 1850 inseridos (0 skipped)
[sync-ps] page 38: +50 raw → 1900 inseridos (0 skipped)
[sync-ps] page 39: +50 raw → 1950 inseridos (0 skipped)
[sync-ps] page 40: +50 raw → 2000 inseridos (0 skipped)
[sync-ps] page 41: +50 raw → 2050 inseridos (0 skipped)
[sync-ps] page 42: +50 raw → 2100 inseridos (0 skipped)
[sync-ps] page 43: +50 raw → 2150 inseridos (0 skipped)
[sync-ps] page 44: +50 raw → 2200 inseridos (0 skipped)
[sync-ps] page 45: +50 raw → 2250 inseridos (0 skipped)
[sync-ps] page 46: +50 raw → 2300 inseridos (0 skipped)
[sync-ps] page 47: +50 raw → 2350 inseridos (0 skipped)
[sync-ps] page 48: +50 raw → 2400 inseridos (0 skipped)
[sync-ps] page 49: +50 raw → 2450 inseridos (0 skipped)
[sync-ps] page 50: +50 raw → 2500 inseridos (0 skipped)
[sync-ps] page 51: +50 raw → 2550 inseridos (0 skipped)
[sync-ps] page 52: +50 raw → 2600 inseridos (0 skipped)
[sync-ps] page 53: +50 raw → 2650 inseridos (0 skipped)
[sync-ps] page 54: +50 raw → 2700 inseridos (0 skipped)
[sync-ps] page 55: +50 raw → 2750 inseridos (0 skipped)
[sync-ps] page 56: +50 raw → 2800 inseridos (0 skipped)
[sync-ps] page 57: +50 raw → 2850 inseridos (0 skipped)
[sync-ps] page 58: +50 raw → 2900 inseridos (0 skipped)
[sync-ps] page 59: +50 raw → 2950 inseridos (0 skipped)
[sync-ps] page 60: +50 raw → 3000 inseridos (0 skipped)
[sync-ps] page 61: +50 raw → 3050 inseridos (0 skipped)
[sync-ps] page 62: +50 raw → 3100 inseridos (0 skipped)
[sync-ps] page 63: +50 raw → 3150 inseridos (0 skipped)
[sync-ps] page 64: +50 raw → 3200 inseridos (0 skipped)
[sync-ps] page 65: +50 raw → 3250 inseridos (0 skipped)
[sync-ps] page 66: +50 raw → 3300 inseridos (0 skipped)
[sync-ps] page 67: +50 raw → 3350 inseridos (0 skipped)
[sync-ps] page 68: +50 raw → 3400 inseridos (0 skipped)
[sync-ps] page 69: +50 raw → 3450 inseridos (0 skipped)
[sync-ps] page 70: +50 raw → 3500 inseridos (0 skipped)
[sync-ps] page 71: +50 raw → 3550 inseridos (0 skipped)
[sync-ps] page 72: +50 raw → 3600 inseridos (0 skipped)
[sync-ps] page 73: +50 raw → 3650 inseridos (0 skipped)
[sync-ps] page 74: +50 raw → 3700 inseridos (0 skipped)
[sync-ps] page 75: +50 raw → 3750 inseridos (0 skipped)
[sync-ps] page 76: +50 raw → 3800 inseridos (0 skipped)
[sync-ps] page 77 error: HTTP 429: {"error":"Too many requests"}. Retry em 30s...
[sync-ps] page 77 error: HTTP 429: {"error":"Too many requests"}. Retry em 30s...
[sync-ps] page 77 error: HTTP 429: {"error":"Too many requests"}. Retry em 30s...
[sync-ps] page 77 error: HTTP 429: {"error":"Too many requests"}. Retry em 30s...
[sync-ps] page 77 error: HTTP 429: {"error":"Too many requests"}. Retry em 30s...
[sync-ps] page 77 error: HTTP 429: {"error":"Too many requests"}. Retry em 30s...
[sync-ps] page 77 error: HTTP 429: {"error":"Too many requests"}. Retry em 30s...
[sync-ps] page 77 error: HTTP 429: {"error":"Too many requests"}. Retry em 30s...
[sync-ps] page 77 error: HTTP 429: {"error":"Too many requests"}. Retry em 30s...
[sync-ps] page 77 error: HTTP 429: {"error":"Too many requests"}. Retry em 30s...
[sync-ps] page 77 error: HTTP 429: {"error":"Too many requests"}. Retry em 30s...
[sync-ps] page 77: +50 raw → 3850 inseridos (0 skipped)
[sync-ps] page 78: +50 raw → 3900 inseridos (0 skipped)
[sync-ps] page 79: +50 raw → 3950 inseridos (0 skipped)
[sync-ps] page 80: +50 raw → 4000 inseridos (0 skipped)
[sync-ps] page 81: +50 raw → 4050 inseridos (0 skipped)
[sync-ps] page 82: +50 raw → 4100 inseridos (0 skipped)
[sync-ps] page 83: +50 raw → 4150 inseridos (0 skipped)
[sync-ps] page 84: +50 raw → 4200 inseridos (0 skipped)
[sync-ps] page 85: +50 raw → 4250 inseridos (0 skipped)
[sync-ps] page 86: +50 raw → 4300 inseridos (0 skipped)
[sync-ps] page 87: +50 raw → 4350 inseridos (0 skipped)
[sync-ps] page 88: +50 raw → 4400 inseridos (0 skipped)
[sync-ps] page 89: +50 raw → 4450 inseridos (0 skipped)
[sync-ps] page 90: +50 raw → 4500 inseridos (0 skipped)
[sync-ps] page 91: +50 raw → 4550 inseridos (0 skipped)
[sync-ps] page 92: +50 raw → 4600 inseridos (0 skipped)
[sync-ps] page 93: +50 raw → 4650 inseridos (0 skipped)
[sync-ps] page 94: +50 raw → 4700 inseridos (0 skipped)
[sync-ps] page 95: +50 raw → 4750 inseridos (0 skipped)
[sync-ps] page 96: +50 raw → 4800 inseridos (0 skipped)
[sync-ps] page 97: +50 raw → 4850 inseridos (0 skipped)
[sync-ps] page 98: +50 raw → 4900 inseridos (0 skipped)
[sync-ps] page 99: +50 raw → 4950 inseridos (0 skipped)
[sync-ps] page 100: +50 raw → 5000 inseridos (0 skipped)
[sync-ps] page 101: +50 raw → 5050 inseridos (0 skipped)
[sync-ps] page 102: +50 raw → 5100 inseridos (0 skipped)
[sync-ps] page 103: +50 raw → 5150 inseridos (0 skipped)
[sync-ps] page 104: +50 raw → 5200 inseridos (0 skipped)
[sync-ps] page 105: +50 raw → 5250 inseridos (0 skipped)
[sync-ps] page 106: +50 raw → 5300 inseridos (0 skipped)
[sync-ps] page 107: +50 raw → 5350 inseridos (0 skipped)
[sync-ps] page 108: +50 raw → 5400 inseridos (0 skipped)
[sync-ps] page 109: +50 raw → 5450 inseridos (0 skipped)
[sync-ps] page 110: +50 raw → 5500 inseridos (0 skipped)
[sync-ps] page 111: +50 raw → 5550 inseridos (0 skipped)
[sync-ps] page 112: +50 raw → 5600 inseridos (0 skipped)
[sync-ps] page 113: +50 raw → 5650 inseridos (0 skipped)
[sync-ps] page 114: +50 raw → 5700 inseridos (0 skipped)
[sync-ps] page 115: +50 raw → 5750 inseridos (0 skipped)
[sync-ps] page 116: +50 raw → 5800 inseridos (0 skipped)
[sync-ps] page 117: +50 raw → 5850 inseridos (0 skipped)
[sync-ps] page 118: +50 raw → 5900 inseridos (0 skipped)
[sync-ps] page 119: +50 raw → 5950 inseridos (0 skipped)
[sync-ps] page 120: +50 raw → 6000 inseridos (0 skipped)
[sync-ps] page 121: +50 raw → 6050 inseridos (0 skipped)
[sync-ps] page 122: +50 raw → 6100 inseridos (0 skipped)
[sync-ps] page 123: +50 raw → 6150 inseridos (0 skipped)
[sync-ps] page 124: +50 raw → 6200 inseridos (0 skipped)
[sync-ps] page 125: +50 raw → 6250 inseridos (0 skipped)
[sync-ps] page 126: +50 raw → 6300 inseridos (0 skipped)
[sync-ps] page 127: +50 raw → 6350 inseridos (0 skipped)
[sync-ps] page 128: +50 raw → 6400 inseridos (0 skipped)
[sync-ps] page 129: +50 raw → 6450 inseridos (0 skipped)
[sync-ps] page 130: +50 raw → 6500 inseridos (0 skipped)
[sync-ps] page 131: +50 raw → 6550 inseridos (0 skipped)
[sync-ps] page 132: +50 raw → 6600 inseridos (0 skipped)
[sync-ps] page 133: +50 raw → 6650 inseridos (0 skipped)
[sync-ps] page 134: +50 raw → 6700 inseridos (0 skipped)
[sync-ps] page 135: +50 raw → 6750 inseridos (0 skipped)
[sync-ps] page 136: +50 raw → 6800 inseridos (0 skipped)
[sync-ps] page 137: +50 raw → 6850 inseridos (0 skipped)
[sync-ps] page 138: +50 raw → 6900 inseridos (0 skipped)
[sync-ps] page 139: +50 raw → 6950 inseridos (0 skipped)
[sync-ps] page 140: +50 raw → 7000 inseridos (0 skipped)
[sync-ps] page 141: +50 raw → 7050 inseridos (0 skipped)
[sync-ps] page 142: +50 raw → 7100 inseridos (0 skipped)
[sync-ps] page 143: +50 raw → 7150 inseridos (0 skipped)
[sync-ps] page 144: +50 raw → 7200 inseridos (0 skipped)
[sync-ps] page 145: +50 raw → 7250 inseridos (0 skipped)
[sync-ps] page 146: +50 raw → 7300 inseridos (0 skipped)
[sync-ps] page 147: +50 raw → 7350 inseridos (0 skipped)
[sync-ps] page 148: +50 raw → 7400 inseridos (0 skipped)
[sync-ps] page 149: +50 raw → 7450 inseridos (0 skipped)
[sync-ps] page 150: +50 raw → 7500 inseridos (0 skipped)
[sync-ps] page 151: +50 raw → 7550 inseridos (0 skipped)
[sync-ps] page 152: +50 raw → 7600 inseridos (0 skipped)
[sync-ps] page 153: +50 raw → 7650 inseridos (0 skipped)
[sync-ps] page 154: +50 raw → 7700 inseridos (0 skipped)
[sync-ps] page 155: +50 raw → 7750 inseridos (0 skipped)
[sync-ps] page 156: +50 raw → 7800 inseridos (0 skipped)
[sync-ps] page 157: +50 raw → 7850 inseridos (0 skipped)
[sync-ps] page 158: +50 raw → 7900 inseridos (0 skipped)
[sync-ps] page 159: +50 raw → 7950 inseridos (0 skipped)
[sync-ps] page 160: +50 raw → 8000 inseridos (0 skipped)
[sync-ps] page 161: +50 raw → 8050 inseridos (0 skipped)
[sync-ps] page 162: +50 raw → 8100 inseridos (0 skipped)
[sync-ps] page 163: +50 raw → 8150 inseridos (0 skipped)
[sync-ps] page 164: +50 raw → 8200 inseridos (0 skipped)
[sync-ps] page 165: +50 raw → 8250 inseridos (0 skipped)
[sync-ps] page 166: +50 raw → 8300 inseridos (0 skipped)
[sync-ps] page 167: +50 raw → 8350 inseridos (0 skipped)
[sync-ps] page 168: +50 raw → 8400 inseridos (0 skipped)
[sync-ps] page 169: +50 raw → 8450 inseridos (0 skipped)
[sync-ps] page 170: +50 raw → 8500 inseridos (0 skipped)
[sync-ps] page 171: +50 raw → 8550 inseridos (0 skipped)
[sync-ps] page 172: +50 raw → 8600 inseridos (0 skipped)
[sync-ps] page 173: +50 raw → 8650 inseridos (0 skipped)
[sync-ps] page 174: +50 raw → 8700 inseridos (0 skipped)
[sync-ps] page 175: +50 raw → 8750 inseridos (0 skipped)
[sync-ps] page 176: +50 raw → 8800 inseridos (0 skipped)
[sync-ps] page 177: +50 raw → 8850 inseridos (0 skipped)
[sync-ps] page 178: +50 raw → 8900 inseridos (0 skipped)
[sync-ps] page 179: +50 raw → 8950 inseridos (0 skipped)
[sync-ps] page 180: +50 raw → 9000 inseridos (0 skipped)
[sync-ps] page 181: +50 raw → 9050 inseridos (0 skipped)
[sync-ps] page 182: +50 raw → 9100 inseridos (0 skipped)
[sync-ps] page 183: +50 raw → 9150 inseridos (0 skipped)
[sync-ps] page 184: +50 raw → 9200 inseridos (0 skipped)
[sync-ps] page 185: +50 raw → 9250 inseridos (0 skipped)
[sync-ps] page 186: +50 raw → 9300 inseridos (0 skipped)
[sync-ps] page 187: +50 raw → 9350 inseridos (0 skipped)
[sync-ps] page 188: +50 raw → 9400 inseridos (0 skipped)
[sync-ps] page 189: +50 raw → 9450 inseridos (0 skipped)
[sync-ps] page 190: +50 raw → 9500 inseridos (0 skipped)
[sync-ps] page 191: +50 raw → 9550 inseridos (0 skipped)
[sync-ps] page 192: +50 raw → 9600 inseridos (0 skipped)
[sync-ps] page 193: +50 raw → 9650 inseridos (0 skipped)
[sync-ps] page 194: +50 raw → 9700 inseridos (0 skipped)
[sync-ps] page 195: +50 raw → 9750 inseridos (0 skipped)
[sync-ps] page 196: +50 raw → 9800 inseridos (0 skipped)
[sync-ps] page 197: +50 raw → 9850 inseridos (0 skipped)
[sync-ps] page 198: +50 raw → 9900 inseridos (0 skipped)
[sync-ps] page 199: +50 raw → 9950 inseridos (0 skipped)
[sync-ps] page 200: +50 raw → 10000 inseridos (0 skipped)
[sync-ps] page 201: +50 raw → 10050 inseridos (0 skipped)
[sync-ps] page 202: +50 raw → 10100 inseridos (0 skipped)
[sync-ps] page 203: +50 raw → 10150 inseridos (0 skipped)
[sync-ps] page 204: +50 raw → 10200 inseridos (0 skipped)
[sync-ps] page 205: +50 raw → 10250 inseridos (0 skipped)
[sync-ps] page 206: +50 raw → 10300 inseridos (0 skipped)
[sync-ps] page 207: +50 raw → 10350 inseridos (0 skipped)
[sync-ps] page 208: +50 raw → 10400 inseridos (0 skipped)
[sync-ps] page 209: +50 raw → 10450 inseridos (0 skipped)
[sync-ps] page 210: +50 raw → 10500 inseridos (0 skipped)
[sync-ps] page 211: +50 raw → 10550 inseridos (0 skipped)
[sync-ps] page 212: +50 raw → 10600 inseridos (0 skipped)
[sync-ps] page 213: +50 raw → 10650 inseridos (0 skipped)
[sync-ps] page 214: +50 raw → 10700 inseridos (0 skipped)
[sync-ps] page 215: +50 raw → 10750 inseridos (0 skipped)
[sync-ps] page 216: +50 raw → 10800 inseridos (0 skipped)
[sync-ps] page 217: +50 raw → 10850 inseridos (0 skipped)
[sync-ps] page 218: +50 raw → 10900 inseridos (0 skipped)
[sync-ps] page 219: +50 raw → 10950 inseridos (0 skipped)
[sync-ps] page 220: +50 raw → 11000 inseridos (0 skipped)
[sync-ps] page 221: +50 raw → 11050 inseridos (0 skipped)
[sync-ps] page 222: +50 raw → 11100 inseridos (0 skipped)
[sync-ps] page 223: +50 raw → 11150 inseridos (0 skipped)
[sync-ps] page 224: +50 raw → 11200 inseridos (0 skipped)
[sync-ps] page 225: +50 raw → 11250 inseridos (0 skipped)
[sync-ps] page 226: +50 raw → 11300 inseridos (0 skipped)
[sync-ps] page 227: +50 raw → 11350 inseridos (0 skipped)
[sync-ps] page 228: +50 raw → 11400 inseridos (0 skipped)
[sync-ps] page 229: +50 raw → 11450 inseridos (0 skipped)
[sync-ps] page 230: +50 raw → 11500 inseridos (0 skipped)
[sync-ps] page 231: +50 raw → 11550 inseridos (0 skipped)
[sync-ps] page 232: +50 raw → 11600 inseridos (0 skipped)
[sync-ps] page 233: +50 raw → 11650 inseridos (0 skipped)
[sync-ps] page 234: +50 raw → 11700 inseridos (0 skipped)
[sync-ps] page 235: +50 raw → 11750 inseridos (0 skipped)
[sync-ps] page 236: +50 raw → 11800 inseridos (0 skipped)
[sync-ps] page 237: +50 raw → 11850 inseridos (0 skipped)
[sync-ps] page 238: +50 raw → 11900 inseridos (0 skipped)
[sync-ps] page 239: +50 raw → 11950 inseridos (0 skipped)
[sync-ps] page 240: +50 raw → 12000 inseridos (0 skipped)

[sync-ps] cs2 DEPOIS: 11999 (delta +11999)
[sync-ps] rodada: inserted=12000 skipped=0
