[sync-golgg] match_results.lol ANTES: 23107
[sync-golgg] S14: 139 tournaments retornados pelo AJAX
[sync-golgg] S15: 165 tournaments retornados pelo AJAX
[sync-golgg] S16: 58 tournaments retornados pelo AJAX
[sync-golgg] 153 tournaments qualificados (regiões filtradas + min-games=10)
  Worlds Main Event 2024 [WR]: 40 parsed (+0 novos)
  Worlds Play-In 2024 [WR]: 10 parsed (+0 novos)
  Americas Challengers 2024 [WR]: 21 parsed (+0 novos)
  LCK Regional Finals 2024 [KR]: 3 parsed (+0 novos)
  LCK Summer Playoffs 2024 [KR]: 8 parsed (+0 novos)
  NACL Summer Playoffs 2024 [NA]: 12 parsed (+0 novos)
  CBLOL Split 2 Playoffs 2024 [BR]: 10 parsed (+0 novos)
  LCS Championship 2024 [NA]: 10 parsed (+0 novos)
  LCK CL Summer Playoffs 2024 [KR]: 8 parsed (+0 novos)
  LPL Regional Finals 2024 [CN]: 3 parsed (+0 novos)
  PCS Summer Playoffs 2024 [WR]: 21 parsed (+0 novos)
  EMEA Masters Summer 2024 [WR]: 108 parsed (+0 novos)
  LPL Summer Playoffs 2024 [CN]: 15 parsed (+0 novos)
  CBLOL Academy Split 2 Playoffs 2024 [BR]: 14 parsed (+0 novos)
  LCK Summer 2024 [KR]: 90 parsed (+0 novos)
  VCS Summer Playoffs 2024 [VN]: 7 parsed (+0 novos)
  LCK CL Summer 2024 [KR]: 90 parsed (+0 novos)
  LCS Summer 2024 [NA]: 28 parsed (+0 novos)
  NACL Summer 2024 [NA]: 45 parsed (+0 novos)
  VCS Summer 2024 [VN]: 42 parsed (+0 novos)
  TCL Summer Playoffs 2024 [TR]: 6 parsed (+0 novos)
  EMEA Masters Summer LCQ 2024 [WR]: 28 parsed (+0 novos)
  LPL Summer Season 2024 [CN]: 64 parsed (+0 novos)
  CBLOL Split 2 2024 [BR]: 92 parsed (+0 novos)
  LJL Summer Playoffs 2024 [JP]: 6 parsed (+0 novos)
  TCL Div2 Summer Playoffs 2024 [TR]: 6 parsed (+0 novos)
  LCO Split 2 Playoffs 2024 [OCE]: 8 parsed (+0 novos)
  TCL Summer 2024 [TR]: 56 parsed (+0 novos)
  CBLOL Academy Split 2 2024 [BR]: 93 parsed (+0 novos)
  TCL Div2 Summer 2024 [TR]: 86 parsed (+0 novos)
  LJL Summer 2024 [JP]: 20 parsed (+0 novos)
  LCO Split 2 2024 [OCE]: 26 parsed (+0 novos)
  Esports World Cup 2024 [WR]: 7 parsed (+0 novos)
  LPL Summer Placements 2024 [CN]: 56 parsed (+0 novos)
  MSI 2024 [WR]: 24 parsed (+0 novos)
  CBLOL Academy Split 1 Playoffs 2024 [BR]: 24 parsed (+0 novos)
  EMEA Masters Spring 2024 [WR]: 57 parsed (+0 novos)
  LCO Split 1 Playoffs 2024 [OCE]: 7 parsed (+0 novos)
  CBLOL Split 1 Playoffs 2024 [BR]: 10 parsed (+0 novos)
  LPL Spring Playoffs 2024 [CN]: 12 parsed (+0 novos)
  EMEA Masters Spring Play-In 2024 [WR]: 53 parsed (+0 novos)
  LCK Spring Playoffs 2024 [KR]: 8 parsed (+0 novos)
  LCK CL Spring Playoffs 2024 [KR]: 8 parsed (+0 novos)
  PCS Spring Playoffs 2024 [WR]: 21 parsed (+0 novos)
  VCS Spring Playoffs 2024 [VN]: 5 parsed (+0 novos)
  TCL Playoffs Spring 2024 [TR]: 6 parsed (+0 novos)
  TCL Div2 Winter Playoffs 2024 [TR]: 6 parsed (+0 novos)
  NACL Spring Playoffs 2024 [NA]: 14 parsed (+0 novos)
  LCS Spring Playoffs 2024 [NA]: 8 parsed (+0 novos)
  LPL Spring 2024 [CN]: 136 parsed (+0 novos)
  LCK Spring 2024 [KR]: 90 parsed (+0 novos)
  LCK CL Spring 2024 [KR]: 90 parsed (+0 novos)
  CBLOL Split 1 2024 [BR]: 90 parsed (+0 novos)
  TCL Div2 Winter 2024 [TR]: 89 parsed (+0 novos)
  LCS Spring 2024 [NA]: 57 parsed (+0 novos)
  NACL Spring 2024 [NA]: 45 parsed (+0 novos)
  VCS Spring 2024 [VN]: 48 parsed (+0 novos)
  TCL Spring 2024 [TR]: 56 parsed (+0 novos)
  CBLOL Academy Split 1 2024 [BR]: 66 parsed (+0 novos)
  LJL Spring Playoffs 2024 [JP]: 4 parsed (+0 novos)
  LCO Split 1 2024 [OCE]: 22 parsed (+0 novos)
  LJL Spring 2024 [JP]: 22 parsed (+0 novos)
  Demacia Cup 2023 [CN]: 37 parsed (+0 novos)
  Worlds 2025 Main Event [WR]: 40 parsed (+0 novos)
  EMEA Masters 2025 Summer Main Event [WR]: 108 parsed (+0 novos)
  LCK CL 2025 Season Playoffs [KR]: 10 parsed (+0 novos)
  LCK 2025 Season Playoffs [KR]: 10 parsed (+0 novos)
  LTA 2025 Championship [WR]: 6 parsed (+0 novos)
  LPL 2025 Regional Finals [CN]: 3 parsed (+0 novos)
  EMEA Masters 2025 Summer LCQ [WR]: 12 parsed (+0 novos)
  LCP 2025 Season Finals Playoffs [WR]: 10 parsed (+0 novos)
  LPL 2025 Grand Finals [CN]: 18 parsed (+0 novos)
  LJL 2025 Finals [JP]: 8 parsed (+0 novos)
  CD 2025 Split 2 Playoffs [BR]: 14 parsed (+0 novos)
  NACL 2025 Split 2 Playoffs [NA]: 14 parsed (+0 novos)
  TCL 2025 Summer Playoffs [TR]: 6 parsed (+0 novos)
  LCK CL 2025 Season Play-In [KR]: 5 parsed (+0 novos)
  LCK 2025 Season Play-In [KR]: 5 parsed (+0 novos)
  LTA North 2025 Split 3 [NA]: 22 parsed (+0 novos)
  LCK 2025 Rounds 3-5 [KR]: 60 parsed (+0 novos)
  PCS 2025 Split 3 Playoffs [WR]: 6 parsed (+0 novos)
  LCK CL 2025 Rounds 3-5 [KR]: 60 parsed (+0 novos)
  LPL 2025 Split 3 [CN]: 86 parsed (+0 novos)
  TCL 2025 Summer Split [TR]: 56 parsed (+0 novos)
  LCP 2025 Season Finals [WR]: 24 parsed (+0 novos)
  PCS 2025 Split 3 [WR]: 10 parsed (+0 novos)
  CD 2025 Split 2 [BR]: 45 parsed (+0 novos)
  NACL 2025 Split 2 [NA]: 44 parsed (+0 novos)
  Esports World Cup 2025 [WR]: 18 parsed (+0 novos)
  2025 Mid-Season Invitational [WR]: 19 parsed (+0 novos)
  LJL 2025 Ignite [JP]: 40 parsed (+0 novos)
  VCS 2025 Summer [VN]: 23 parsed (+0 novos)
  EMEA Masters 2025 Spring [WR]: 55 parsed (+0 novos)
  PCS 2025 Split 2 Playoffs [WR]: 6 parsed (+0 novos)
  LCK 2025 Road to MSI [KR]: 5 parsed (+0 novos)
  LTA North 2025 Split 2 Playoffs [NA]: 8 parsed (+0 novos)
  LPL 2025 Split 2 Playoffs [CN]: 18 parsed (+0 novos)
  CD 2025 Split 1 Playoffs [BR]: 10 parsed (+0 novos)
  LCP 2025 Mid Season Qualifying Series [WR]: 8 parsed (+0 novos)
  NACL 2025 Split 1 Playoffs [NA]: 10 parsed (+0 novos)
  LCK 2025 Rounds 1-2 [KR]: 91 parsed (+0 novos)
  PCS 2025 Split 2 [WR]: 54 parsed (+0 novos)
  LCK CL 2025 Rounds 1-2 [KR]: 89 parsed (+0 novos)
  TCL 2025 Spring Playoffs [TR]: 6 parsed (+0 novos)
  LCP 2025 Mid Season [WR]: 28 parsed (+0 novos)
  LPL 2025 Split 2 [CN]: 105 parsed (+0 novos)
  LTA North 2025 Split 2 [NA]: 44 parsed (+0 novos)
  Circuito Desafiante 2025 Split 1 [BR]: 45 parsed (+0 novos)
  NACL 2025 Split 1 [NA]: 45 parsed (+0 novos)
  TCL 2025 Spring Split [TR]: 56 parsed (+0 novos)
  LJL 2025 Storm [JP]: 59 parsed (+0 novos)
  LPL 2025 Split 2 Placements [CN]: 55 parsed (+0 novos)
  VCS 2025 Spring [VN]: 23 parsed (+0 novos)
  PCS 2025 Split 1 Playoffs [WR]: 6 parsed (+0 novos)
  EMEA Masters 2025 Winter [WR]: 27 parsed (+0 novos)
  First Stand 2025 [WR]: 13 parsed (+0 novos)
  TCL 2025 Winter Playoffs [TR]: 6 parsed (+0 novos)
  PCS 2025 Split 1 [WR]: 27 parsed (+0 novos)
  LPL 2025 Split 1 Playoffs [CN]: 10 parsed (+0 novos)
  LCK CL 2025 Kickoff [KR]: 38 parsed (+0 novos)
  TCL 2025 Winter [TR]: 56 parsed (+0 novos)
  LCK Cup 2025 [KR]: 38 parsed (+0 novos)
  LCP 2025 Season Kickoff Qualifying Series [WR]: 8 parsed (+0 novos)
  LTA 2025 Split 1 Playoffs [WR]: 7 parsed (+0 novos)
  LCP 2025 Season Kickoff [WR]: 28 parsed (+0 novos)
  LPL 2025 Split 1 [CN]: 24 parsed (+0 novos)
  LTA North 2025 Split 1 [NA]: 12 parsed (+0 novos)
  Kespa Cup 2024 [KR]: 43 parsed (+0 novos)
  LCK 2026 Rounds 1-2 [KR]: 26 parsed (+0 novos)
  LPL 2026 Split 2 [CN]: 21 parsed (+0 novos)
  TCL 2026 Spring [TR]: 8 parsed (+0 novos)
  NACL 2026 Spring [NA]: 22 parsed (+0 novos)
  LCK CL 2026 Rounds 1-2 [KR]: 30 parsed (+0 novos)
  EMEA Masters 2026 Winter [WR]: 73 parsed (+0 novos)
  CBLOL 2026 Split 1 [BR]: 16 parsed (+0 novos)
  LCP 2026 Split 2 [WR]: 8 parsed (+0 novos)
  LCS 2026 Spring [NA]: 8 parsed (+0 novos)
  CD 2026 Split 1 [BR]: 30 parsed (+0 novos)
  LJL 2026 Winter Series [JP]: 45 parsed (+0 novos)
  VCS 2026 Spring Playoffs [VN]: 6 parsed (+0 novos)
  2026 First Stand [WR]: 13 parsed (+0 novos)
  VCS 2026 Spring [VN]: 15 parsed (+0 novos)
  Americas Cup 2026 [WR]: 6 parsed (+0 novos)
  LPL 2026 Split 1 Playoffs [CN]: 20 parsed (+0 novos)
  TCL 2026 Kickoff [TR]: 22 parsed (+0 novos)
  LCK CL 2026 Kickoff [KR]: 40 parsed (+0 novos)
  LCS 2026 Lock-In [NA]: 21 parsed (+0 novos)
  LCP 2026 Split 1 Playoffs [WR]: 8 parsed (+0 novos)
  LCK Cup 2026 [KR]: 40 parsed (+0 novos)
  CBLOL Cup 2026 [BR]: 41 parsed (+0 novos)
  LCP 2026 Split 1 [WR]: 28 parsed (+0 novos)
  LPL 2026 Split 1 [CN]: 55 parsed (+0 novos)
  Kespa Cup 2025 [WR]: 35 parsed (+0 novos)

[sync-golgg] DEPOIS: 24030 (delta +923)
[sync-golgg] tournaments OK=153 fail=0 | matches parsed=4836 new=0
