[sync-ps] game=lol path=lol db=lol
[sync-ps] range=2023-01-01..2026-04-17 max=15000 per_page=50 delay=300ms
[sync-ps] match_results lol ANTES: 653
[sync-ps] page 1: +50 raw → 50 inseridos (0 skipped)
[sync-ps] page 2: +50 raw → 98 inseridos (2 skipped)
[sync-ps] page 3: +50 raw → 148 inseridos (2 skipped)
[sync-ps] page 4: +50 raw → 198 inseridos (2 skipped)
[sync-ps] page 5: +50 raw → 247 inseridos (3 skipped)
[sync-ps] page 6: +50 raw → 296 inseridos (4 skipped)
[sync-ps] page 7: +50 raw → 346 inseridos (4 skipped)
[sync-ps] page 8: +50 raw → 396 inseridos (4 skipped)
[sync-ps] page 9: +50 raw → 446 inseridos (4 skipped)
[sync-ps] page 10: +50 raw → 496 inseridos (4 skipped)
[sync-ps] page 11: +50 raw → 546 inseridos (4 skipped)
[sync-ps] page 12: +50 raw → 596 inseridos (4 skipped)
[sync-ps] page 13: +50 raw → 646 inseridos (4 skipped)
[sync-ps] page 14: +50 raw → 696 inseridos (4 skipped)
[sync-ps] page 15: +50 raw → 746 inseridos (4 skipped)
[sync-ps] page 16: +50 raw → 794 inseridos (6 skipped)
[sync-ps] page 17: +50 raw → 844 inseridos (6 skipped)
[sync-ps] page 18: +50 raw → 893 inseridos (7 skipped)
[sync-ps] page 19: +50 raw → 943 inseridos (7 skipped)
[sync-ps] page 20: +50 raw → 993 inseridos (7 skipped)
[sync-ps] page 21: +50 raw → 1043 inseridos (7 skipped)
[sync-ps] page 22: +50 raw → 1091 inseridos (9 skipped)
[sync-ps] page 23: +50 raw → 1141 inseridos (9 skipped)
[sync-ps] page 24: +50 raw → 1191 inseridos (9 skipped)
[sync-ps] page 25: +50 raw → 1241 inseridos (9 skipped)
[sync-ps] page 26: +50 raw → 1291 inseridos (9 skipped)
[sync-ps] page 27: +50 raw → 1341 inseridos (9 skipped)
[sync-ps] page 28: +50 raw → 1390 inseridos (10 skipped)
[sync-ps] page 29: +50 raw → 1440 inseridos (10 skipped)
[sync-ps] page 30: +50 raw → 1490 inseridos (10 skipped)
[sync-ps] page 31: +50 raw → 1540 inseridos (10 skipped)
[sync-ps] page 32: +50 raw → 1590 inseridos (10 skipped)
[sync-ps] page 33: +50 raw → 1640 inseridos (10 skipped)
[sync-ps] page 34: +50 raw → 1690 inseridos (10 skipped)
[sync-ps] page 35: +50 raw → 1740 inseridos (10 skipped)
[sync-ps] page 36: +50 raw → 1790 inseridos (10 skipped)
[sync-ps] page 37: +50 raw → 1840 inseridos (10 skipped)
[sync-ps] page 38: +50 raw → 1890 inseridos (10 skipped)
[sync-ps] page 39: +50 raw → 1940 inseridos (10 skipped)
[sync-ps] page 40: +50 raw → 1990 inseridos (10 skipped)
[sync-ps] page 41: +50 raw → 2040 inseridos (10 skipped)
[sync-ps] page 42: +50 raw → 2090 inseridos (10 skipped)
[sync-ps] page 43: +50 raw → 2140 inseridos (10 skipped)
[sync-ps] page 44: +50 raw → 2190 inseridos (10 skipped)
[sync-ps] page 45: +50 raw → 2240 inseridos (10 skipped)
[sync-ps] page 46: +50 raw → 2290 inseridos (10 skipped)
[sync-ps] page 47: +50 raw → 2340 inseridos (10 skipped)
[sync-ps] page 48: +50 raw → 2390 inseridos (10 skipped)
[sync-ps] page 49: +50 raw → 2440 inseridos (10 skipped)
[sync-ps] page 50: +50 raw → 2490 inseridos (10 skipped)
[sync-ps] page 51: +50 raw → 2540 inseridos (10 skipped)
[sync-ps] page 52: +50 raw → 2590 inseridos (10 skipped)
[sync-ps] page 53: +50 raw → 2640 inseridos (10 skipped)
[sync-ps] page 54: +50 raw → 2690 inseridos (10 skipped)
[sync-ps] page 55: +50 raw → 2740 inseridos (10 skipped)
[sync-ps] page 56: +50 raw → 2790 inseridos (10 skipped)
[sync-ps] page 57: +50 raw → 2840 inseridos (10 skipped)
[sync-ps] page 58: +50 raw → 2890 inseridos (10 skipped)
[sync-ps] page 59: +50 raw → 2940 inseridos (10 skipped)
[sync-ps] page 60: +50 raw → 2990 inseridos (10 skipped)
[sync-ps] page 61: +50 raw → 3040 inseridos (10 skipped)
[sync-ps] page 62: +50 raw → 3090 inseridos (10 skipped)
[sync-ps] page 63: +50 raw → 3140 inseridos (10 skipped)
[sync-ps] page 64: +50 raw → 3190 inseridos (10 skipped)
[sync-ps] page 65: +50 raw → 3240 inseridos (10 skipped)
[sync-ps] page 66: +50 raw → 3290 inseridos (10 skipped)
[sync-ps] page 67: +50 raw → 3340 inseridos (10 skipped)
[sync-ps] page 68: +50 raw → 3390 inseridos (10 skipped)
[sync-ps] page 69: +50 raw → 3440 inseridos (10 skipped)
[sync-ps] page 70: +50 raw → 3490 inseridos (10 skipped)
[sync-ps] page 71: +50 raw → 3540 inseridos (10 skipped)
[sync-ps] page 72: +50 raw → 3590 inseridos (10 skipped)
[sync-ps] page 73: +50 raw → 3640 inseridos (10 skipped)
[sync-ps] page 74: +50 raw → 3690 inseridos (10 skipped)
[sync-ps] page 75: +50 raw → 3740 inseridos (10 skipped)
[sync-ps] page 76: +50 raw → 3790 inseridos (10 skipped)
[sync-ps] page 77: +50 raw → 3840 inseridos (10 skipped)
[sync-ps] page 78: +50 raw → 3890 inseridos (10 skipped)
[sync-ps] page 79: +50 raw → 3940 inseridos (10 skipped)
[sync-ps] page 80: +50 raw → 3990 inseridos (10 skipped)
[sync-ps] page 81: +50 raw → 4040 inseridos (10 skipped)
[sync-ps] page 82: +50 raw → 4090 inseridos (10 skipped)
[sync-ps] page 83: +50 raw → 4140 inseridos (10 skipped)
[sync-ps] page 84: +50 raw → 4190 inseridos (10 skipped)
[sync-ps] page 85: +50 raw → 4240 inseridos (10 skipped)
[sync-ps] page 86: +50 raw → 4290 inseridos (10 skipped)
[sync-ps] page 87: +50 raw → 4340 inseridos (10 skipped)
[sync-ps] page 88: +50 raw → 4390 inseridos (10 skipped)
[sync-ps] page 89: +50 raw → 4440 inseridos (10 skipped)
[sync-ps] page 90: +50 raw → 4490 inseridos (10 skipped)
[sync-ps] page 91: +50 raw → 4540 inseridos (10 skipped)
[sync-ps] page 92: +50 raw → 4590 inseridos (10 skipped)
[sync-ps] page 93: +50 raw → 4640 inseridos (10 skipped)
[sync-ps] page 94: +50 raw → 4690 inseridos (10 skipped)
[sync-ps] page 95: +50 raw → 4740 inseridos (10 skipped)
[sync-ps] page 96: +50 raw → 4790 inseridos (10 skipped)
[sync-ps] page 97: +50 raw → 4840 inseridos (10 skipped)
[sync-ps] page 98: +50 raw → 4890 inseridos (10 skipped)
[sync-ps] page 99: +50 raw → 4940 inseridos (10 skipped)
[sync-ps] page 100: +50 raw → 4990 inseridos (10 skipped)
[sync-ps] page 101: +50 raw → 5040 inseridos (10 skipped)
[sync-ps] page 102: +50 raw → 5090 inseridos (10 skipped)
[sync-ps] page 103: +50 raw → 5140 inseridos (10 skipped)
[sync-ps] page 104: +50 raw → 5190 inseridos (10 skipped)
[sync-ps] page 105: +50 raw → 5240 inseridos (10 skipped)
[sync-ps] page 106: +50 raw → 5290 inseridos (10 skipped)
[sync-ps] page 107: +50 raw → 5340 inseridos (10 skipped)
[sync-ps] page 108: +50 raw → 5390 inseridos (10 skipped)
[sync-ps] page 109: +50 raw → 5440 inseridos (10 skipped)
[sync-ps] page 110: +50 raw → 5490 inseridos (10 skipped)
[sync-ps] page 111: +50 raw → 5540 inseridos (10 skipped)
[sync-ps] page 112: +50 raw → 5590 inseridos (10 skipped)
[sync-ps] page 113: +50 raw → 5640 inseridos (10 skipped)
[sync-ps] page 114: +50 raw → 5689 inseridos (11 skipped)
[sync-ps] page 115: +50 raw → 5734 inseridos (16 skipped)
[sync-ps] page 116: +50 raw → 5784 inseridos (16 skipped)
[sync-ps] page 117: +50 raw → 5834 inseridos (16 skipped)
[sync-ps] page 118: +50 raw → 5884 inseridos (16 skipped)
[sync-ps] page 119: +50 raw → 5934 inseridos (16 skipped)
[sync-ps] page 120: +50 raw → 5984 inseridos (16 skipped)
[sync-ps] page 121: +50 raw → 6034 inseridos (16 skipped)
[sync-ps] page 122: +50 raw → 6084 inseridos (16 skipped)
[sync-ps] page 123: +50 raw → 6127 inseridos (23 skipped)
[sync-ps] page 124: +50 raw → 6170 inseridos (30 skipped)
[sync-ps] page 125: +50 raw → 6218 inseridos (32 skipped)
[sync-ps] page 126: +50 raw → 6268 inseridos (32 skipped)
[sync-ps] page 127: +50 raw → 6318 inseridos (32 skipped)
[sync-ps] page 128: +50 raw → 6368 inseridos (32 skipped)
[sync-ps] page 129: +50 raw → 6418 inseridos (32 skipped)
[sync-ps] page 130: +50 raw → 6468 inseridos (32 skipped)
[sync-ps] page 131: +50 raw → 6518 inseridos (32 skipped)
[sync-ps] page 132: +50 raw → 6568 inseridos (32 skipped)
[sync-ps] page 133: +50 raw → 6618 inseridos (32 skipped)
[sync-ps] page 134: +50 raw → 6666 inseridos (34 skipped)
[sync-ps] page 135: +50 raw → 6716 inseridos (34 skipped)
[sync-ps] page 136: +50 raw → 6765 inseridos (35 skipped)
[sync-ps] page 137: +50 raw → 6815 inseridos (35 skipped)
[sync-ps] page 138: +50 raw → 6863 inseridos (37 skipped)
[sync-ps] page 139: +50 raw → 6912 inseridos (38 skipped)
[sync-ps] page 140: +50 raw → 6959 inseridos (41 skipped)
[sync-ps] page 141: +50 raw → 7008 inseridos (42 skipped)
[sync-ps] page 142: +50 raw → 7057 inseridos (43 skipped)
[sync-ps] page 143: +50 raw → 7105 inseridos (45 skipped)
[sync-ps] page 144: +50 raw → 7151 inseridos (49 skipped)
[sync-ps] page 145: +50 raw → 7197 inseridos (53 skipped)
[sync-ps] page 146: +50 raw → 7246 inseridos (54 skipped)
[sync-ps] page 147: +50 raw → 7294 inseridos (56 skipped)
[sync-ps] page 148: +50 raw → 7341 inseridos (59 skipped)
[sync-ps] page 149: +50 raw → 7391 inseridos (59 skipped)
[sync-ps] page 150: +50 raw → 7438 inseridos (62 skipped)
[sync-ps] page 151: +50 raw → 7488 inseridos (62 skipped)
[sync-ps] page 152: +50 raw → 7536 inseridos (64 skipped)
[sync-ps] page 153: +50 raw → 7586 inseridos (64 skipped)
[sync-ps] page 154: +50 raw → 7636 inseridos (64 skipped)
[sync-ps] page 155: +50 raw → 7685 inseridos (65 skipped)
[sync-ps] page 156: +50 raw → 7734 inseridos (66 skipped)
[sync-ps] page 157: +50 raw → 7783 inseridos (67 skipped)
[sync-ps] page 158: +50 raw → 7831 inseridos (69 skipped)
[sync-ps] page 159: +50 raw → 7881 inseridos (69 skipped)
[sync-ps] page 160: +50 raw → 7931 inseridos (69 skipped)
[sync-ps] page 161: +50 raw → 7980 inseridos (70 skipped)
[sync-ps] page 162: +50 raw → 8030 inseridos (70 skipped)
[sync-ps] page 163: +50 raw → 8079 inseridos (71 skipped)
[sync-ps] page 164: +50 raw → 8129 inseridos (71 skipped)
[sync-ps] page 165: +50 raw → 8179 inseridos (71 skipped)
[sync-ps] page 166: +50 raw → 8229 inseridos (71 skipped)
[sync-ps] page 167: +50 raw → 8279 inseridos (71 skipped)
[sync-ps] page 168: +50 raw → 8329 inseridos (71 skipped)
[sync-ps] page 169: +50 raw → 8379 inseridos (71 skipped)
[sync-ps] page 170: +50 raw → 8429 inseridos (71 skipped)
[sync-ps] page 171: +50 raw → 8479 inseridos (71 skipped)
[sync-ps] page 172: +50 raw → 8529 inseridos (71 skipped)
[sync-ps] page 173: +50 raw → 8579 inseridos (71 skipped)
[sync-ps] page 174: +50 raw → 8629 inseridos (71 skipped)
[sync-ps] page 175: +50 raw → 8679 inseridos (71 skipped)
[sync-ps] page 176: +50 raw → 8729 inseridos (71 skipped)
[sync-ps] page 177: +50 raw → 8779 inseridos (71 skipped)
[sync-ps] page 178: +50 raw → 8829 inseridos (71 skipped)
[sync-ps] page 179: +50 raw → 8879 inseridos (71 skipped)
[sync-ps] page 180: +50 raw → 8929 inseridos (71 skipped)
[sync-ps] page 181: +50 raw → 8979 inseridos (71 skipped)
[sync-ps] page 182: +50 raw → 9029 inseridos (71 skipped)
[sync-ps] page 183: +50 raw → 9079 inseridos (71 skipped)
[sync-ps] page 184: +50 raw → 9129 inseridos (71 skipped)
[sync-ps] page 185: +50 raw → 9179 inseridos (71 skipped)
[sync-ps] page 186: +50 raw → 9229 inseridos (71 skipped)
[sync-ps] page 187: +50 raw → 9279 inseridos (71 skipped)
[sync-ps] page 188: +50 raw → 9329 inseridos (71 skipped)
[sync-ps] page 189: +50 raw → 9379 inseridos (71 skipped)
[sync-ps] page 190: +50 raw → 9429 inseridos (71 skipped)
[sync-ps] page 191: +50 raw → 9479 inseridos (71 skipped)
[sync-ps] page 192: +50 raw → 9529 inseridos (71 skipped)
[sync-ps] page 193: +50 raw → 9579 inseridos (71 skipped)
[sync-ps] page 194: +50 raw → 9629 inseridos (71 skipped)
[sync-ps] page 195: +50 raw → 9679 inseridos (71 skipped)
[sync-ps] page 196: +50 raw → 9729 inseridos (71 skipped)
[sync-ps] page 197: +50 raw → 9778 inseridos (72 skipped)
[sync-ps] page 198: +50 raw → 9827 inseridos (73 skipped)
[sync-ps] page 199: +50 raw → 9877 inseridos (73 skipped)
[sync-ps] page 200: +50 raw → 9927 inseridos (73 skipped)
[sync-ps] page 201: +50 raw → 9976 inseridos (74 skipped)
[sync-ps] page 202: +50 raw → 10023 inseridos (77 skipped)
[sync-ps] page 203: +50 raw → 10073 inseridos (77 skipped)
[sync-ps] page 204: +50 raw → 10123 inseridos (77 skipped)
[sync-ps] page 205: +50 raw → 10173 inseridos (77 skipped)
[sync-ps] page 206: +50 raw → 10219 inseridos (81 skipped)
[sync-ps] page 207: +50 raw → 10269 inseridos (81 skipped)
[sync-ps] page 208: +50 raw → 10319 inseridos (81 skipped)
[sync-ps] page 209: +50 raw → 10369 inseridos (81 skipped)
[sync-ps] page 210: +50 raw → 10417 inseridos (83 skipped)
[sync-ps] page 211: +50 raw → 10467 inseridos (83 skipped)
[sync-ps] page 212: +50 raw → 10517 inseridos (83 skipped)
[sync-ps] page 213: +50 raw → 10567 inseridos (83 skipped)
[sync-ps] page 214: +50 raw → 10617 inseridos (83 skipped)
[sync-ps] page 215: +50 raw → 10667 inseridos (83 skipped)
[sync-ps] page 216: +50 raw → 10716 inseridos (84 skipped)
[sync-ps] page 217: +50 raw → 10766 inseridos (84 skipped)
[sync-ps] page 218: +50 raw → 10816 inseridos (84 skipped)
[sync-ps] page 219: +50 raw → 10865 inseridos (85 skipped)
[sync-ps] page 220: +50 raw → 10915 inseridos (85 skipped)
[sync-ps] page 221: +50 raw → 10965 inseridos (85 skipped)
[sync-ps] page 222: +50 raw → 11015 inseridos (85 skipped)
[sync-ps] page 223: +50 raw → 11065 inseridos (85 skipped)
[sync-ps] page 224: +50 raw → 11115 inseridos (85 skipped)
[sync-ps] page 225: +50 raw → 11165 inseridos (85 skipped)
[sync-ps] page 226: +50 raw → 11215 inseridos (85 skipped)
[sync-ps] page 227: +50 raw → 11265 inseridos (85 skipped)
[sync-ps] page 228: +50 raw → 11315 inseridos (85 skipped)
[sync-ps] page 229: +50 raw → 11365 inseridos (85 skipped)
[sync-ps] page 230: +50 raw → 11415 inseridos (85 skipped)
[sync-ps] page 231: +50 raw → 11465 inseridos (85 skipped)
[sync-ps] page 232: +50 raw → 11515 inseridos (85 skipped)
[sync-ps] page 233: +50 raw → 11565 inseridos (85 skipped)
[sync-ps] page 234: +50 raw → 11615 inseridos (85 skipped)
[sync-ps] page 235: +50 raw → 11665 inseridos (85 skipped)
[sync-ps] page 236: +50 raw → 11715 inseridos (85 skipped)
[sync-ps] page 237: +50 raw → 11765 inseridos (85 skipped)
[sync-ps] page 238: +50 raw → 11815 inseridos (85 skipped)
[sync-ps] page 239: +50 raw → 11865 inseridos (85 skipped)
[sync-ps] page 240: +50 raw → 11914 inseridos (86 skipped)
[sync-ps] page 241: +50 raw → 11962 inseridos (88 skipped)
[sync-ps] page 242: +50 raw → 12012 inseridos (88 skipped)
[sync-ps] page 243: +50 raw → 12062 inseridos (88 skipped)
[sync-ps] page 244: +50 raw → 12112 inseridos (88 skipped)
[sync-ps] page 245: +50 raw → 12162 inseridos (88 skipped)
[sync-ps] page 246: +50 raw → 12209 inseridos (91 skipped)
[sync-ps] page 247: +50 raw → 12257 inseridos (93 skipped)
[sync-ps] page 248: +50 raw → 12307 inseridos (93 skipped)
[sync-ps] page 249: +50 raw → 12357 inseridos (93 skipped)
[sync-ps] page 250: +50 raw → 12406 inseridos (94 skipped)
[sync-ps] page 251: +50 raw → 12453 inseridos (97 skipped)
[sync-ps] page 252: +50 raw → 12499 inseridos (101 skipped)
[sync-ps] page 253: +50 raw → 12548 inseridos (102 skipped)
[sync-ps] page 254: +50 raw → 12598 inseridos (102 skipped)
[sync-ps] page 255: +50 raw → 12648 inseridos (102 skipped)
[sync-ps] page 256: +50 raw → 12698 inseridos (102 skipped)
[sync-ps] page 257: +50 raw → 12746 inseridos (104 skipped)
[sync-ps] page 258: +50 raw → 12791 inseridos (109 skipped)
[sync-ps] page 259: +50 raw → 12841 inseridos (109 skipped)
[sync-ps] page 260: +50 raw → 12891 inseridos (109 skipped)
[sync-ps] page 261: +50 raw → 12941 inseridos (109 skipped)
[sync-ps] page 262: +50 raw → 12991 inseridos (109 skipped)
[sync-ps] page 263: +50 raw → 13039 inseridos (111 skipped)
[sync-ps] page 264: +50 raw → 13083 inseridos (117 skipped)
[sync-ps] page 265: +50 raw → 13133 inseridos (117 skipped)
[sync-ps] page 266: +50 raw → 13183 inseridos (117 skipped)
[sync-ps] page 267: +50 raw → 13233 inseridos (117 skipped)
[sync-ps] page 268: +50 raw → 13282 inseridos (118 skipped)
[sync-ps] page 269: +50 raw → 13328 inseridos (122 skipped)
[sync-ps] page 270: +50 raw → 13375 inseridos (125 skipped)
[sync-ps] page 271: +50 raw → 13425 inseridos (125 skipped)
[sync-ps] page 272: +50 raw → 13475 inseridos (125 skipped)
[sync-ps] page 273: +50 raw → 13523 inseridos (127 skipped)
[sync-ps] page 274: +50 raw → 13573 inseridos (127 skipped)
[sync-ps] page 275: +50 raw → 13623 inseridos (127 skipped)
[sync-ps] page 276: +50 raw → 13673 inseridos (127 skipped)
[sync-ps] page 277: +50 raw → 13723 inseridos (127 skipped)
[sync-ps] page 278: +50 raw → 13773 inseridos (127 skipped)
[sync-ps] page 279: +50 raw → 13823 inseridos (127 skipped)
[sync-ps] page 280: +50 raw → 13873 inseridos (127 skipped)
[sync-ps] page 281: +50 raw → 13923 inseridos (127 skipped)
[sync-ps] page 282: +50 raw → 13973 inseridos (127 skipped)
[sync-ps] page 283: +50 raw → 14023 inseridos (127 skipped)
[sync-ps] page 284: +50 raw → 14073 inseridos (127 skipped)
[sync-ps] page 285: +50 raw → 14123 inseridos (127 skipped)
[sync-ps] page 286: +50 raw → 14173 inseridos (127 skipped)
[sync-ps] page 287: +50 raw → 14223 inseridos (127 skipped)
[sync-ps] page 288: +50 raw → 14273 inseridos (127 skipped)
[sync-ps] page 289: +50 raw → 14323 inseridos (127 skipped)
[sync-ps] page 290: +50 raw → 14373 inseridos (127 skipped)
[sync-ps] page 291: +50 raw → 14423 inseridos (127 skipped)
[sync-ps] page 292: +50 raw → 14473 inseridos (127 skipped)
[sync-ps] page 293: +50 raw → 14523 inseridos (127 skipped)
[sync-ps] page 294: +50 raw → 14573 inseridos (127 skipped)
[sync-ps] page 295: +50 raw → 14615 inseridos (135 skipped)
[sync-ps] page 296: +50 raw → 14663 inseridos (137 skipped)
[sync-ps] page 297: +50 raw → 14713 inseridos (137 skipped)
[sync-ps] page 298: +50 raw → 14763 inseridos (137 skipped)
[sync-ps] page 299: +50 raw → 14813 inseridos (137 skipped)
[sync-ps] page 300: +50 raw → 14863 inseridos (137 skipped)

[sync-ps] lol DEPOIS: 14868 (delta +14215)
[sync-ps] rodada: inserted=14863 skipped=137
