[opendota] match_results.dota2 ANTES: 12450
  page: 100 fetched, +100 inserted | total=100/100 | lastId=8773417630
  page: 100 fetched, +100 inserted | total=200/200 | lastId=8771903245
  page: 100 fetched, +100 inserted | total=300/300 | lastId=8770711352
  page: 100 fetched, +98 inserted | total=398/400 | lastId=8769655367
  page: 100 fetched, +99 inserted | total=497/500 | lastId=8768411666
  page: 100 fetched, +100 inserted | total=597/600 | lastId=8766573770
  page: 100 fetched, +69 inserted | total=666/700 | lastId=8765287761
  page: 100 fetched, +90 inserted | total=756/800 | lastId=8763911838
  page: 100 fetched, +75 inserted | total=831/900 | lastId=8762926659
  page: 100 fetched, +94 inserted | total=925/1000 | lastId=8761313283
  page: 100 fetched, +100 inserted | total=1025/1100 | lastId=8759404481
  page: 100 fetched, +83 inserted | total=1108/1200 | lastId=8757102128
  page: 100 fetched, +97 inserted | total=1205/1300 | lastId=8755290820
  page: 100 fetched, +100 inserted | total=1305/1400 | lastId=8753745518
  page: 100 fetched, +100 inserted | total=1405/1500 | lastId=8751170701
  page: 100 fetched, +93 inserted | total=1498/1600 | lastId=8749140718
  page: 100 fetched, +80 inserted | total=1578/1700 | lastId=8746708010
  page: 100 fetched, +100 inserted | total=1678/1800 | lastId=8744476155
  page: 100 fetched, +100 inserted | total=1778/1900 | lastId=8742931925
  page: 100 fetched, +100 inserted | total=1878/2000 | lastId=8741741757
  page: 100 fetched, +100 inserted | total=1978/2100 | lastId=8740413783
  page: 100 fetched, +91 inserted | total=2069/2200 | lastId=8739369490
  page: 100 fetched, +88 inserted | total=2157/2300 | lastId=8737463469
  page: 100 fetched, +100 inserted | total=2257/2400 | lastId=8736105991
  page: 100 fetched, +100 inserted | total=2357/2500 | lastId=8734587284
  page: 100 fetched, +100 inserted | total=2457/2600 | lastId=8733210283
  page: 100 fetched, +99 inserted | total=2556/2700 | lastId=8731885381
  page: 100 fetched, +100 inserted | total=2656/2800 | lastId=8730485050
  page: 100 fetched, +88 inserted | total=2744/2900 | lastId=8728421759
  page: 100 fetched, +100 inserted | total=2844/3000 | lastId=8726718561
  page: 100 fetched, +100 inserted | total=2944/3100 | lastId=8724876615
  page: 100 fetched, +99 inserted | total=3043/3200 | lastId=8723153886
  page: 100 fetched, +100 inserted | total=3143/3300 | lastId=8721428939
  page: 100 fetched, +85 inserted | total=3228/3400 | lastId=8719816242
  page: 100 fetched, +100 inserted | total=3328/3500 | lastId=8717593384
  page: 100 fetched, +100 inserted | total=3428/3600 | lastId=8715564771
  page: 100 fetched,   page: 100 fetched, +0 inserted | total=0/500 | las  page: 100 fet  page: 100 fetched, +0 inserted | total=0/600 | lastId=8  page: 100 fetched, +86 inserted | total=3710/3900 | lastId=8709439427
  page: 100 fetched, +96 inserted | total=3806/4000 | lastId=8707360093
  page: 100 fetched, +100 inserted | total=3906/4100 | lastId=87054  page  page: 100 fetched, +99 inserted | total=4005/4200 | lastId=8  page: 10  page: 100 fetched, +100 inserted | total=4105/4300 | las  page: 100 fet  page: 100 fetched, +87 inserted | total=4192/4400 |  page: 100 fetched  page: 100 fetched, +100 inserted | total=4292/4  page: 100 fetched, +0   page: 100 fetched, +100 inserted | total=4  page: 100 fetched, +0 inser  page: 100 fetched, +100 inserted | to  page: 100 fetched, +0 inserted |  page: 100 fetched, +100 inserted  page: 100 fetched, +0 inserted | tota  page: 100 fetched, +100 ins  page: 100 fetched, +0 inserted | total=0/1  page: 100 fetched, +84  page: 100 fetched, +0 inserted | total=0/1900   page: 100 fetched,  page: 100 fetched, +0 inserted | total=0/2000 | las  page: 100 fet  page: 100 fetched, +0 inserted | total=0/2100 | lastId=8  page: 10  rate limited (429), backoff 30s...
  page: 100 fetched, +0 inserted | total=0/2200 | lastId=87393  page  page: 100 fetched, +0 inserted | total=0/2300 | lastId=8737463469   page: 100 fetched, +0 inserted | total=0/2400 | lastId=8736105991
  page: 100 fetched, +0 inserted | total=0/2500 | lastId=8734587284
  page: 100 fetched, +0 inserted | total=0/2600 | lastId=8733210283
  page: 100 fetched, +0 inserted | total=0/2700 | lastId=8731885381
  page: 100 fetched, +0 inserted | total=0/2800 | lastId=8730485050
  page: 100 fetched, +0 inserted | total=0/2900 | lastId=8728421759
  page: 100 fetched, +0 inserted | total=0/3000 | lastId=8726718561
  page: 100 fetched, +0 inserted | total=0/3100 | lastId=8724876615
  page: 100 fetched, +0 inserted | total=0/3200 | lastId=8723153886
  page: 100 fetched, +0 inserted | total=0/3300 | lastId=8721428939
  page: 100 fetched, +0 inserted | total=0/3400 | lastId=8719816242
  page: 100 fetched, +0 inserted | total=0/3500 | lastId=8717593384
  page: 100 fetched, +0 inserted | total=0/3600 | lastId=8715564771
  page: 100 fetched, +0 inserted | total=0/3700 | lastId=8713620038
  page: 100 fetched, +0 inserted | total=0/3800 | lastId=8711677076
  page: 100 fetched, +0 inserted | total=0/3900 | lastId=8709439427
  page: 100 fetched, +0 inserted | total=0/4000 | lastId=8707360093
  page: 100 fetched, +0 inserted | total=0/4100 | lastId=8705472902
  page: 100 fetched, +0 inserted | total=0/4200 | lastId=8703596234
  page: 100 fetched, +0 inserted | total=0/4300 | lastId=8701917732
  page: 100 fetched, +0 inserted | total=0/4400 | lastId=8700180612
  page: 100 fetched, +0 inserted | total=0/4500 | lastId=8698487856
  page: 100 fetched, +0 inserted | total=0/4600 | lastId=8697172331
  page: 100 fetched, +0 inserted | total=0/4700 | lastId=8695867324
  page: 100 fetched, +0 inserted | total=0/4800 | lastId=8694486225
  page: 100 fetched, +0 inserted | total=0/4900 | lastId=8692941041
  page: 100 fetched, +0 inserted | total=0/5000 | lastId=8690871387
  page: 100 fetched, +0 inserted | total=0/5100 | lastId=8689026542
  page: 100 fetched, +0 inserted | total=0/5200 | lastId=8687469911
  page: 100 fetched, +0 inserted | total=0/5300 | lastId=8685653783
  page: 100 fetched, +0 inserted | total=0/5400 | lastId=8683905203
  page: 100 fetched, +0 inserted | total=0/5500 | lastId=8682040885
  page: 100 fetched, +0 inserted | total=0/5600 | lastId=8679776446
  page: 100 fetched, +0 inserted | total=0/5700 | lastId=8678276484
  page: 100 fetched, +0 inserted | total=0/5800 | lastId=8676766152
  page: 100 fetched, +0 inserted | total=0/5900 | lastId=8675152090
  page: 100 fetched, +0 inserted | total=0/6000 | lastId=8673303676
  page: 100 fetched, +0 inserted | total=0/6100 | lastId=8671087701
  page: 100 fetched, +0 inserted | total=0/6200 | lastId=8669433999
  page: 100 fetched, +0 inserted | total=0/6300 | lastId=8668033701
  page: 100 fetched, +0 inserted | total=0/6400 | lastId=8666859627
  page: 100 fetched, +0 inserted | total=0/6500 | lastId=8665721743
  page: 100 fetched, +0 inserted | total=0/6600 | lastId=8664276332
  page: 100 fetched, +0 inserted | total=0/6700 | lastId=8661527310
  page: 100 fetched, +0 inserted | total=0/6800 | lastId=8659242704
  page: 100 fetched, +0 inserted | total=0/6900 | lastId=8657347748
  page: 100 fetched, +0 inserted | total=0/7000 | lastId=8655628504
  page: 100 fetched, +0 inserted | total=0/7100 | lastId=8654403945
  page: 100 fetched, +0 inserted | total=0/7200 | lastId=8652316138
  page: 100 fetched, +0 inserted | total=0/7300 | lastId=8650698191
  page: 100 fetched, +0 inserted | total=0/7400 | lastId=8649461401
  page: 100 fetched, +0 inserted | total=0/7500 | lastId=8648479593
  page: 100 fetched, +0 inserted | total=0/7600 | lastId=8647024943
  page: 100 fetched, +0 inserted | total=0/7700 | lastId=8646135408
  page: 100 fetched, +0 inserted | total=0/7800 | lastId=8644781819
  page: 100 fetched, +0 inserted | total=0/7900 | lastId=8643105996
  page: 100 fetched, +0 inserted | total=0/8000 | lastId=8641803267
  page: 100 fetched, +0 inserted | total=0/8100 | lastId=8640112655
  rate limited (429), backoff 30s...
  page: 100 fetched, +0 inserted | total=0/8200 | lastId=8639306099
  page: 100 fetched, +0 inserted | total=0/8300 | lastId=8637955193
  page: 100 fetched, +0 inserted | total=0/8400 | lastId=8636682507
  page: 100 fetched, +0 inserted | total=0/8500 | lastId=8636029114
  page: 100 fetched, +0 inserted | total=0/8600 | lastId=8633226995
  page: 100 fetched, +0 inserted | total=0/8700 | lastId=8631020015
  page: 100 fetched, +0 inserted | total=0/8800 | lastId=8627987722
  page: 100 fetched, +0 inserted | total=0/8900 | lastId=8625974682
  page: 100 fetched, +0 inserted | total=0/9000 | lastId=8623463189
  page: 100 fetched, +0 inserted | total=0/9100 | lastId=8621237807
  page: 100 fetched, +0 inserted | total=0/9200 | lastId=8619227202
  page: 100 fetched, +0 inserted | total=0/9300 | lastId=8617359948
  page: 100 fetched, +0 inserted | total=0/9400 | lastId=8615208593
  page: 100 fetched, +0 inserted | total=0/9500 | lastId=8612842729
  page: 100 fetched, +0 inserted | total=0/9600 | lastId=8610570203
  page: 100 fetched, +0 inserted | total=0/9700 | lastId=8608750619
  page: 100 fetched, +0 inserted | total=0/9800 | lastId=8606495310
  page: 100 fetched, +0 inserted | total=0/9900 | lastId=8605073469
  page: 100 fetched, +0 inserted | total=0/10000 | lastId=8603495438
  page: 100 fetched, +0 inserted | total=0/10100 | lastId=8601389598
  page: 100 fetched, +0 inserted | total=0/10200 | lastId=8599776953
  page: 100 fetched, +0 inserted | total=0/10300 | lastId=8597725338
  page: 100 fetched, +0 inserted | total=0/10400 | lastId=8595267054
  page: 100 fetched, +0 inserted | total=0/10500 | lastId=8592494459
  page: 100 fetched, +0 inserted | total=0/10600 | lastId=8590131961
  page: 100 fetched, +0 inserted | total=0/10700 | lastId=8588255026
  page: 100 fetched, +0 inserted | total=0/10800 | lastId=8586404067
  page: 100 fetched, +0 inserted | total=0/10900 | lastId=8584125715
  page: 100 fetched, +0 inserted | total=0/11000 | lastId=8582234683
  page: 100 fetched, +0 inserted | total=0/11100 | lastId=8580196250
  rate limited (429), backoff 30s...
  page: 100 fetched, +0 inserted | total=0/11200 | lastId=8578517603
  page: 100 fetched, +0 inserted | total=0/11300 | lastId=8576756723
  page: 100 fetched, +0 inserted | total=0/11400 | lastId=8575002578
  page: 100 fetched, +0 inserted | total=0/11500 | lastId=8572828686
  page: 100 fetched, +0 inserted | total=0/11600 | lastId=8570158453
  page: 100 fetched, +0 inserted | total=0/11700 | lastId=8568303928
  page: 100 fetched, +0 inserted | total=0/11800 | lastId=8566218427
  page: 100 fetched, +0 inserted | total=0/11900 | lastId=8564379308
  page: 100 fetched, +0 inserted | total=0/12000 | lastId=8562495287
  page: 100 fetched, +0 inserted | total=0/12100 | lastId=8560580129
  page: 100 fetched, +0 inserted | total=0/12200 | lastId=8558192840
  page: 100 fetched, +0 inserted | total=0/12300 | lastId=8556286462
  page: 100 fetched, +0 inserted | total=0/12400 | lastId=8554619883
  page: 100 fetched, +0 inserted | total=0/12500 | lastId=8552962432
  page: 100 fetched, +0 inserted | total=0/12600 | lastId=8551475577
  page: 100 fetched, +0 inserted | total=0/12700 | lastId=8549811092
  page: 100 fetched, +0 inserted | total=0/12800 | lastId=8547587159
  page: 100 fetched, +0 inserted | total=0/12900 | lastId=8546207296
  page: 100 fetched, +0 inserted | total=0/13000 | lastId=8544808877
  page: 100 fetched, +0 inserted | total=0/13100 | lastId=8543443161
  page: 100 fetched, +0 inserted | total=0/13200 | lastId=8541729410
  page: 100 fetched, +0 inserted | total=0/13300 | lastId=8538454488
  page: 100 fetched, +0 inserted | total=0/13400 | lastId=8536583425
  page: 100 fetched, +0 inserted | total=0/13500 | lastId=8534904325
  page: 100 fetched, +0 inserted | total=0/13600 | lastId=8533191130
  page: 100 fetched, +0 inserted | total=0/13700 | lastId=8531620041
  page: 100 fetched, +0 inserted | total=0/13800 | lastId=8529703467
  page: 100 fetched, +0 inserted | total=0/13900 | lastId=8527912943
  page: 100 fetched, +0 inserted | total=0/14000 | lastId=8526077489
  page: 100 fetched, +0 inserted | total=0/14100 | lastId=8524995418
  page: 100 fetched, +0 inserted | total=0/14200 | lastId=8523784828
  rate limited (429), backoff 30s...
  page: 100 fetched, +0 inserted | total=0/14300 | lastId=8521981143
  page: 100 fetched, +0 inserted | total=0/14400 | lastId=8520594441
  page: 100 fetched, +0 inserted | total=0/14500 | lastId=8519362546
  page: 100 fetched, +0 inserted | total=0/14600 | lastId=8517531441
  page: 100 fetched, +0 inserted | total=0/14700 | lastId=8515420786
  page: 100 fetched, +0 inserted | total=0/14800 | lastId=8514139201
  page: 100 fetched, +0 inserted | total=0/14900 | lastId=8512976278
  page: 100 fetched, +0 inserted | total=0/15000 | lastId=8511794560
  page: 100 fetched, +0 inserted | total=0/15100 | lastId=8510456085
  page: 100 fetched, +0 inserted | total=0/15200 | lastId=8508680419
  page: 100 fetched, +0 inserted | total=0/15300 | lastId=8506833706
  page: 100 fetched, +0 inserted | total=0/15400 | lastId=8504878677
  page: 100 fetched, +0 inserted | total=0/15500 | lastId=8503636121
  page: 100 fetched, +0 inserted | total=0/15600 | lastId=8501319377
  page: 100 fetched, +0 inserted | total=0/15700 | lastId=8499304950
  page: 100 fetched, +0 inserted | total=0/15800 | lastId=8497236556
  page: 100 fetched, +0 inserted | total=0/15900 | lastId=8495896876
  page: 100 fetched, +0 inserted | total=0/16000 | lastId=8493925361
  page: 100 fetched, +0 inserted | total=0/16100 | lastId=8492552090
  page: 100 fetched, +0 inserted | total=0/16200 | lastId=8491136826
  page: 100 fetched, +0 inserted | total=0/16300 | lastId=8489649971
  page: 100 fetched, +0 inserted | total=0/16400 | lastId=8487874578
  page: 100 fetched, +0 inserted | total=0/16500 | lastId=8486257001
  page: 100 fetched, +0 inserted | total=0/16600 | lastId=8484475847
  page: 100 fetched, +0 inserted | total=0/16700 | lastId=8482517596
  page: 100 fetched, +0 inserted | total=0/16800 | lastId=8481183703
  page: 100 fetched, +0 inserted | total=0/16900 | lastId=8480431374
  page: 100 fetched, +0 inserted | total=0/17000 | lastId=8479317910
  page: 100 fetched, +0 inserted | total=0/17100 | lastId=8478478202
  page: 100 fetched, +0 inserted | total=0/17200 | lastId=8477561897
  page: 100 fetched, +0 inserted | total=0/17300 | lastId=8476188724
  page: 100 fetched, +0 inserted | total=0/17400 | lastId=8475064187
  page: 100 fetched, +0 inserted | total=0/17500 | lastId=8474439544
  page: 100 fetched, +0 inserted | total=0/17600 | lastId=8472699294
  page: 100 fetched, +0 inserted | total=0/17700 | lastId=8471252784
  page: 100 fetched, +0 inserted | total=0/17800 | lastId=8469760151
  page: 100 fetched, +0 inserted | total=0/17900 | lastId=8467335109
  page: 100 fetched, +0 inserted | total=0/18000 | lastId=8465338011
  page: 100 fetched, +0 inserted | total=0/18100 | lastId=8463198095
  page: 100 fetched, +0 inserted | total=0/18200 | lastId=8461029953
  page: 100 fetched, +0 inserted | total=0/18300 | lastId=8457620590
  page: 100 fetched, +0 inserted | total=0/18400 | lastId=8456100547
  page: 100 fetched, +0 inserted | total=0/18500 | lastId=8454404879
  page: 100 fetched, +0 inserted | total=0/18600 | lastId=8452899872
  page: 100 fetched, +0 inserted | total=0/18700 | lastId=8451298176
  page: 100 fetched, +0 inserted | total=0/18800 | lastId=8449042316
  page: 100 fetched, +0 inserted | total=0/18900 | lastId=8447561320
  page: 100 fetched, +0 inserted | total=0/19000 | lastId=8446490976
  page: 100 fetched, +0 inserted | total=0/19100 | lastId=8445457895
  page: 100 fetched, +0 inserted | total=0/19200 | lastId=8444293715
  page: 100 fetched, +0 inserted | total=0/19300 | lastId=8442765529
  page: 100 fetched, +0 inserted | total=0/19400 | lastId=8441096680
  page: 100 fetched, +0 inserted | total=0/19500 | lastId=8438598405
  page: 100 fetched, +0 inserted | total=0/19600 | lastId=8436989239
  page: 100 fetched, +0 inserted | total=0/19700 | lastId=8435450544
  page: 100 fetched, +0 inserted | total=0/19800 | lastId=8433870179
  page: 100 fetched, +0 inserted | total=0/19900 | lastId=8432300336
  page: 100 fetched, +0 inserted | total=0/20000 | lastId=8430530004
  page: 100 fetched, +95 inserted | total=95/20100 | lastId=8428021214
  page: 100 fetched, +96 inserted | total=191/20200 | lastId=8426462055
  page: 100 fetched, +100 inserted | total=291/20300 | lastId=8425186438
  page: 100 fetched, +97 inserted | total=388/20400 | lastId=8423999124
  page: 100 fetched, +100 inserted | total=488/20500 | lastId=8422410924
  page: 100 fetched, +97 inserted | total=585/20600 | lastId=8420843532
  page: 100 fetched, +97 inserted | total=682/20700 | lastId=8417913394
  page: 100 fetched, +96 inserted | total=778/20800 | lastId=8416327208
  page: 100 fetched, +98 inserted | total=876/20900 | lastId=8414921220
  page: 100 fetched, +94 inserted | total=970/21000 | lastId=8413502931
  page: 100 fetched, +95 inserted | total=1065/21100 | lastId=8412165234
  page: 100 fetched, +98 inserted | total=1163/21200 | lastId=8410117077
  page: 100 fetched, +96 inserted | total=1259/21300 | lastId=8408287079
  page: 100 fetched, +99 inserted | total=1358/21400 | lastId=8406788734
  page: 100 fetched, +98 inserted | total=1456/21500 | lastId=8405402745
  page: 100 fetched, +95 inserted | total=1551/21600 | lastId=8404001955
  page: 100 fetched, +100 inserted | total=1651/21700 | lastId=8402497987
  page: 100 fetched, +98 inserted | total=1749/21800 | lastId=8401081219
  page: 100 fetched, +94 inserted | total=1843/21900 | lastId=8398937779
  page: 100 fetched, +100 inserted | total=1943/22000 | lastId=8397533340
  page: 100 fetched, +98 inserted | total=2041/22100 | lastId=8396105378
  page: 100 fetched, +94 inserted | total=2135/22200 | lastId=8394899358
  page: 100 fetched, +72 inserted | total=2207/22300 | lastId=8393896536
  page: 100 fetched, +80 inserted | total=2287/22400 | lastId=8393119738
  page: 100 fetched, +96 inserted | total=2383/22500 | lastId=8392109395
  page: 100 fetched, +78 inserted | total=2461/22600 | lastId=8390871685
  page: 100 fetched, +81 inserted | total=2542/22700 | lastId=8389542462
  page: 100 fetched, +100 inserted | total=2642/22800 | lastId=8388110325
  page: 100 fetched, +99 inserted | total=2741/22900 | lastId=8386802609
  page: 100 fetched, +98 inserted | total=2839/23000 | lastId=8385362141
  page: 100 fetched, +100 inserted | total=2939/23100 | lastId=8383543364
  page: 100 fetched, +96 inserted | total=3035/23200 | lastId=8381959708
  page: 100 fetched, +99 inserted | total=3134/23300 | lastId=8379327691
  page: 100 fetched, +100 inserted | total=3234/23400 | lastId=8377627947
  page: 100 fetched, +90 inserted | total=3324/23500 | lastId=8376310589
  page: 100 fetched, +91 inserted | total=3415/23600 | lastId=8374776452
  page: 100 fetched, +96 inserted | total=3511/23700 | lastId=8372848568
  page: 100 fetched, +98 inserted | total=3609/23800 | lastId=8370156593
  page: 100 fetched, +98 inserted | total=3707/23900 | lastId=8368779230
  page: 100 fetched, +99 inserted | total=3806/24000 | lastId=8367409541
  page: 100 fetched, +99 inserted | total=3905/24100 | lastId=8366056149
  page: 100 fetched, +99 inserted | total=4004/24200 | lastId=8364241635
  page: 100 fetched, +89 inserted | total=4093/24300 | lastId=8361908961
  page: 100 fetched, +100 inserted | total=4193/24400 | lastId=8360199376
  page: 100 fetched, +99 inserted | total=4292/24500 | lastId=8358376187
  page: 100 fetched, +100 inserted | total=4392/24600 | lastId=8356950069
  page: 100 fetched, +100 inserted | total=4492/24700 | lastId=8355484001
  page: 100 fetched, +94 inserted | total=4586/24800 | lastId=8352714348
  page: 100 fetched, +100 inserted | total=4686/24900 | lastId=8350786812
  page: 100 fetched, +98 inserted | total=4784/25000 | lastId=8348877618
  page: 100 fetched, +100 inserted | total=4884/25100 | lastId=8347337403
  page: 100 fetched, +99 inserted | total=4983/25200 | lastId=8345496865
  page: 100 fetched, +93 inserted | total=5076/25300 | lastId=8343102373
  page: 100 fetched, +100 inserted | total=5176/25400 | lastId=8340885968
  page: 100 fetched, +100 inserted | total=5276/25500 | lastId=8339249642
  page: 100 fetched, +100 inserted | total=5376/25600 | lastId=8337115100
  page: 100 fetched, +97 inserted | total=5473/25700 | lastId=8335368999
  page: 100 fetched, +100 inserted | total=5573/25800 | lastId=8332913042
  page: 100 fetched, +100 inserted | total=5673/25900 | lastId=8331636152
  page: 100 fetched, +100 inserted | total=5773/26000 | lastId=8330396326
  page: 100 fetched, +99 inserted | total=5872/26100 | lastId=8329029178
  page: 100 fetched, +99 inserted | total=5971/26200 | lastId=8327610629
  page: 100 fetched, +96 inserted | total=6067/26300 | lastId=8326343287
  page: 100 fetched, +100 inserted | total=6167/26400 | lastId=8324589567
  page: 100 fetched, +100 inserted | total=6267/26500 | lastId=8323120010
  page: 100 fetched, +98 inserted | total=6365/26600 | lastId=8321815336
  page: 100 fetched, +87 inserted | total=6452/26700 | lastId=8320736108
  page: 100 fetched, +59 inserted | total=6511/26800 | lastId=8319795267
  page: 100 fetched, +77 inserted | total=6588/26900 | lastId=8318671242
  page: 100 fetched, +95 inserted | total=6683/27000 | lastId=8316716540
  page: 100 fetched, +97 inserted | total=6780/27100 | lastId=8314111192
  page: 100 fetched, +100 inserted | total=6880/27200 | lastId=8312581240
  page: 100 fetched, +97 inserted | total=6977/27300 | lastId=8311043865
  page: 100 fetched, +100 inserted | total=7077/27400 | lastId=8308860629
  page: 100 fetched, +94 inserted | total=7171/27500 | lastId=8306932201
  page: 100 fetched, +98 inserted | total=7269/27600 | lastId=8304161528
  page: 100 fetched, +99 inserted | total=7368/27700 | lastId=8302704750
  page: 100 fetched, +96 inserted | total=7464/27800 | lastId=8301546126
  page: 100 fetched, +100 inserted | total=7564/27900 | lastId=8300275959
  page: 100 fetched, +99 inserted | total=7663/28000 | lastId=8299113866
  page: 100 fetched, +94 inserted | total=7757/28100 | lastId=8296538811
  page: 100 fetched, +97 inserted | total=7854/28200 | lastId=8294926902
  page: 100 fetched, +98 inserted | total=7952/28300 | lastId=8293703773
  page: 100 fetched, +97 inserted | total=8049/28400 | lastId=8292139536
  page: 100 fetched, +100 inserted | total=8149/28500 | lastId=8290643976
  page: 100 fetched, +96 inserted | total=8245/28600 | lastId=8288815871
  page: 100 fetched, +100 inserted | total=8345/28700 | lastId=8285980705
  page: 100 fetched, +100 inserted | total=8445/28800 | lastId=8284153462
  page: 100 fetched, +100 inserted | total=8545/28900 | lastId=8282487650
  page: 100 fetched, +100 inserted | total=8645/29000 | lastId=8280966587
  page: 100 fetched, +95 inserted | total=8740/29100 | lastId=8278648722
  page: 100 fetched, +100 inserted | total=8840/29200 | lastId=8276931128
  page: 100 fetched, +100 inserted | total=8940/29300 | lastId=8275276561
  page: 100 fetched, +99 inserted | total=9039/29400 | lastId=8273491518
  page: 100 fetched, +100 inserted | total=9139/29500 | lastId=8271925445
  page: 100 fetched, +100 inserted | total=9239/29600 | lastId=8269406691
  page: 100 fetched, +100 inserted | total=9339/29700 | lastId=8267790896
  page: 100 fetched, +99 inserted | total=9438/29800 | lastId=8265962986
  page: 100 fetched, +98 inserted | total=9536/29900 | lastId=8264476304
  page: 100 fetched, +100 inserted | total=9636/30000 | lastId=8263023148

[opendota] DEPOIS: 41061 (delta +25568)
[opendota] fetched=30000 inserted=9636 skipped=1389 (429 hits=4)
