[11:13:28] [WARN] [SEC] ADMIN_KEY não configurada — rotas admin abertas sem autenticação. Configure ADMIN_KEY em produção. 
[11:13:28] [INFO] [SERVER] SportsEdge API em http://0.0.0.0:3000 
[11:13:28] [INFO] [SERVER] Esportes: LoL (Riot API + LoLEsports) 
[11:13:28] [INFO] [ODDS] SX.Bet ativo: base=https://api.sx.bet 
[11:13:28] [INFO] [IMPORT] CSV tennis atp 2025: ainda não disponível no GitHub (404) — use ESPN sync 
[11:13:28] [INFO] [TENNIS-ESPN] match_results: +190 (ESPN scoreboard) 
[11:13:28] [INFO] [IMPORT] CSV tennis wta 2025: ainda não disponível no GitHub (404) — use ESPN sync 
[11:13:29] [INFO] [IMPORT] CSV tennis atp 2026: ainda não disponível no GitHub (404) — use ESPN sync 
[11:13:29] [INFO] [IMPORT] CSV tennis wta 2026: ainda não disponível no GitHub (404) — use ESPN sync 
[11:13:33] [INFO] [ODDS] Usando lista hardcoded: 19 torneios ativos 
[11:13:33] [DEBUG] [ODDS] getEsportsTournamentIds() retornou 19 IDs 
[11:13:33] [INFO] [ODDS] Buscando odds: lote 1/7 tids=[2450,2452,2454] (round-robin) 
[11:13:33] [INFO] [SYNC] pro_champ_stats vazio mas último resync há -151min — cooldown ativo (próximo em 9h) 
[11:13:33] [DEBUG] [ODDS] Lote 1: status=429 body={"error":{"message":"Request limit exceeded","code":"REQUEST_LIMIT_EXCEEDED","details":"You have exc 
[11:13:33] [WARN] [ODDS] 429 — backoff 2h ativado 
[11:13:37] [INFO] [SYNC] PandaScore: 400 partidas finalizadas coletadas (últimos 45 dias) 
[11:13:37] [INFO] [SYNC] Pro stats: 0 resultados, 0 champs, 0 player+champ (400 já sincronizados) 
[11:13:58] [INFO] [GOLGG] Role impact sync: 5 linha(s) 
[11:14:10] [INFO] [ODDS] Em backoff — aguardando 
[11:14:10] [INFO] [ODDS] Pinnacle Valorant: 9 partidas cacheadas 
[11:14:11] [INFO] [CS] PandaScore: 29 partidas (3 live) 
[11:14:11] [INFO] [VALORANT] PandaScore: 31 partidas (1 live) 
[11:14:11] [INFO] [VALORANT] /valorant-matches: 10 total (1 live PS, 9 odds Pinnacle) 
[11:14:11] [INFO] [ODDS] Pinnacle CS2: 7 partidas cacheadas 
[11:14:11] [INFO] [CS] /cs-matches: 10 total (3 live PS, 7 odds Pinnacle) 
[11:14:11] [INFO] [DOTA2] PandaScore: 14 partidas (0 live) 
[11:14:11] [INFO] [DOTA2] /dota-matches: 0 total (0 live PS, 0 odds TheOdds) 
[11:14:11] [INFO] [PANDASCORE] 32 partidas LoL (2 live) 
[11:14:11] [INFO] [LOL] /lol-matches fonte=arush_schedule riot=25 ps=32 psBackoff=0 
[11:14:13] [INFO] [LIVE-GAME] window/115615926685761108: gold encontrado a 60s atrás (81 frames) 
[11:14:14] [DEBUG] [LIVE-GAME] window/115548128962840649: sem gold (200s=0 204s=16 frames=0, draft=ok, melhor: 5s=204,10s=204,15s=204,20s=204,30s=204,45s=204) 
[11:14:15] [INFO] [LIVE-GAME] window/115615924499588612: base status=204 — tentando varredura mesmo assim 
[11:14:15] [DEBUG] [LIVE-GAME] window/115615924499588612: sem gold (200s=0 204s=16 frames=0, draft=no, melhor: 5s=204,10s=204,15s=204,20s=204,30s=204,45s=204) 
[11:14:17] [INFO] [LOL] /lol-matches fonte=arush_schedule riot=25 ps=32 psBackoff=0 
