[hltv] match_results.cs2 ANTES: 17099
[hltv] usando proxy=https://pleasant-compassion-production.up.railway.app
  blocked (403), backoff 60s...
  blocked (403), backoff 60s...
  offset=5100: 100 parsed, +100 inserted | total=100/100
  offset=5200: 100 parsed, +100 inserted | total=200/200
  offset=5300: 100 parsed, +100 inserted | total=300/300
  offset=5400: 100 parsed, +100 inserted | total=400/400
  offset=5500: 100 parsed, +100 inserted | total=500/500
  offset=5600: 100 parsed, +100 inserted | total=600/600
  offset=5700: 100 parsed, +100 inserted | total=700/700
  offset=5800: 100 parsed, +100 inserted | total=800/800
  offset=5900: 100 parsed, +100 inserted | total=900/900
  offset=6000: 100 parsed, +100 inserted | total=1000/1000
  offset=6100: 100 parsed, +100 inserted | total=1100/1100
  offset=6200: 100 parsed, +100 inserted | total=1200/1200
  offset=6300: 100 parsed, +100 inserted | total=1300/1300
  offset=6400: 100 parsed, +0 inserted | total=1300/1400
  offset=6500: 100 parsed, +0 inserted | total=1300/1500
  offset=6600: 100 parsed, +0 inserted | total=1300/1600
  offset=6700: 100 parsed, +0 inserted | total=1300/1700
  offset=6800: 100 parsed, +0 inserted | total=1300/1800
  offset=6900: 100 parsed, +0 inserted | total=1300/1900
  offset=7000: 100 parsed, +0 inserted | total=1300/2000
  offset=7100: 100 parsed, +0 inserted | total=1300/2100
  offset=7200: 100 parsed, +0 inserted | total=1300/2200
  offset=7300: 100 parsed, +0 inserted | total=1300/2300
  offset=7400: 100 parsed, +0 inserted | total=1300/2400
  offset=7500: 100 parsed, +0 inserted | total=1300/2500
  offset=7600: 100 parsed, +0 inserted | total=1300/2600
  offset=7700: 100 parsed, +0 inserted | total=1300/2700
  offset=7800: 100 parsed, +0 inserted | total=1300/2800
  offset=7900: 100 parsed, +0 inserted | total=1300/2900
  offset=8000: 100 parsed, +0 inserted | total=1300/3000
  offset=8100: 100 parsed, +0 inserted | total=1300/3100
  offset=8200: 100 parsed, +0 inserted | total=1300/3200
  offset=8300: 100 parsed, +0 inserted | total=1300/3300
  offset=8400: 100 parsed, +0 inserted | total=1300/3400
  offset=8500: 100 parsed, +0 inserted | total=1300/3500
  offset=8600: 100 parsed, +0 inserted | total=1300/3600
  offset=8700: 100 parsed, +0 inserted | total=1300/3700
  offset=8800: 100 parsed, +0 inserted | total=1300/3800
  offset=8900: 100 parsed, +0 inserted | total=1300/3900
  offset=9000: 100 parsed, +0 inserted | total=1300/4000
  offset=9100: 100 parsed, +0 inserted | total=1300/4100
  offset=9200: 100 parsed, +0 inserted | total=1300/4200
  offset=9300: 100 parsed, +0 inserted | total=1300/4300
  offset=9400: 100 parsed, +0 inserted | total=1300/4400
  offset=9500: 100 parsed, +0 inserted | total=1300/4500
  offset=9600: 100 parsed, +0 inserted | total=1300/4600
  offset=9700: 100 parsed, +0 inserted | total=1300/4700
  offset=9800: 100 parsed, +0 inserted | total=1300/4800
  offset=9900: 100 parsed, +0 inserted | total=1300/4900
  offset=10000: 100 parsed, +100 inserted | total=1400/5000
  offset=10100: 100 parsed, +100 inserted | total=1500/5100
  offset=10200: 100 parsed, +100 inserted | total=1600/5200
  offset=10300: 100 parsed, +100 inserted | total=1700/5300
  offset=10400: 100 parsed, +100 inserted | total=1800/5400
  offset=10500: 100 parsed, +100 inserted | total=1900/5500
  offset=10600: 100 parsed, +100 inserted | total=2000/5600
  offset=10700: 100 parsed, +100 inserted | total=2100/5700
  offset=10800: 100 parsed, +100 inserted | total=2200/5800
  offset=10900: 100 parsed, +100 inserted | total=2300/5900
  offset=11000: 100 parsed, +100 inserted | total=2400/6000
  offset=11100: 100 parsed, +100 inserted | total=2500/6100
  offset=11200: 100 parsed, +100 inserted | total=2600/6200
  offset=11300: 100 parsed, +100 inserted | total=2700/6300
  offset=11400: 100 parsed, +100 inserted | total=2800/6400
  offset=11500: 100 parsed, +100 inserted | total=2900/6500
  offset=11600: 100 parsed, +100 inserted | total=3000/6600
  offset=11700: 100 parsed, +100 inserted | total=3100/6700
  offset=11800: 100 parsed, +100 inserted | total=3200/6800
  offset=11900: 100 parsed, +100 inserted | total=3300/6900
  offset=12000: 100 parsed, +100 inserted | total=3400/7000
  offset=12100: 100 parsed, +100 inserted | total=3500/7100
  offset=12200: 100 parsed, +100 inserted | total=3600/7200
  offset=12300: 100 parsed, +100 inserted | total=3700/7300
  offset=12400: 100 parsed, +100 inserted | total=3800/7400
  offset=12500: 100 parsed, +100 inserted | total=3900/7500
  offset=12600: 100 parsed, +100 inserted | total=4000/7600
  offset=12700: 100 parsed, +100 inserted | total=4100/7700
  offset=12800: 100 parsed, +100 inserted | total=4200/7800
  offset=12900: 100 parsed, +100 inserted | total=4300/7900
  offset=13000: 100 parsed, +100 inserted | total=4400/8000
  offset=13100: 100 parsed, +100 inserted | total=4500/8100
  offset=13200: 100 parsed, +100 inserted | total=4600/8200
  offset=13300: 100 parsed, +100 inserted | total=4700/8300
  offset=13400: 100 parsed, +100 inserted | total=4800/8400
  offset=13500: 100 parsed, +100 inserted | total=4900/8500
  offset=13600: 100 parsed, +100 inserted | total=5000/8600
  offset=13700: 100 parsed, +100 inserted | total=5100/8700
  offset=13800: 100 parsed, +100 inserted | total=5200/8800
  offset=13900: 100 parsed, +100 inserted | total=5300/8900
  offset=14000: 100 parsed, +100 inserted | total=5400/9000
  offset=14100: 100 parsed, +100 inserted | total=5500/9100
  offset=14200: 100 parsed, +100 inserted | total=5600/9200
  offset=14300: 100 parsed, +100 inserted | total=5700/9300
  offset=14400: 100 parsed, +100 inserted | total=5800/9400
  offset=14500: 100 parsed, +100 inserted | total=5900/9500
  offset=14600: 100 parsed, +100 inserted | total=6000/9600
  offset=14700: 100 parsed, +100 inserted | total=6100/9700
  offset=14800: 100 parsed, +100 inserted | total=6200/9800
  offset=14900: 100 parsed, +100 inserted | total=6300/9900
  offset=15000: 100 parsed, +100 inserted | total=6400/10000

[hltv] DEPOIS: 27099 (delta +10000)
[hltv] fetched=10000 inserted=6400
